#
# There is insufficient memory for the Java Runtime Environment to continue.
# Native memory allocation (malloc) failed to allocate 90112 bytes for card table expansion
# Possible reasons:
#   The system is out of physical RAM or swap space
#   In 32 bit mode, the process size limit was hit
# Possible solutions:
#   Reduce memory load on the system
#   Increase physical memory or swap space
#   Check if swap backing store is full
#   Use 64 bit Java on a 64 bit OS
#   Decrease Java heap size (-Xmx/-Xms)
#   Decrease number of Java threads
#   Decrease Java thread stack sizes (-Xss)
#   Set larger code cache with -XX:ReservedCodeCacheSize=
# This output file may be truncated or incomplete.
#
#  Out of Memory Error (os_windows.cpp:3222), pid=10332, tid=9220
#
# JRE version: Java(TM) SE Runtime Environment (7.0_79-b15) (build 1.7.0_79-b15)
# Java VM: Java HotSpot(TM) 64-Bit Server VM (24.79-b02 mixed mode windows-amd64 compressed oops)
# Failed to write core dump. Minidumps are not enabled by default on client versions of Windows
#

---------------  T H R E A D  ---------------

Current thread (0x0000000008c4b000):  VMThread [stack: 0x0000000009cc0000,0x0000000009dc0000] [id=9220]

Stack: [0x0000000009cc0000,0x0000000009dc0000]
[error occurred during error reporting (printing stack bounds), id 0xc0000005]


[error occurred during error reporting (printing native stack), id 0xc0000005]

VM_Operation (0x000000000cfac2b0): ParallelGCFailedAllocation, mode: safepoint, requested by thread 0x000000000b6bf800


---------------  P R O C E S S  ---------------

Java Threads: ( => current thread )
  0x000000000bb79800 JavaThread "File lock request listener" [_thread_in_native, id=7228, stack(0x000000000d610000,0x000000000d710000)]
  0x000000000b6bf800 JavaThread "Daemon worker" [_thread_blocked, id=14940, stack(0x000000000ceb0000,0x000000000cfb0000)]
  0x000000000c16e800 JavaThread "Cancel handler" [_thread_blocked, id=7956, stack(0x000000000d230000,0x000000000d330000)]
  0x000000000b6be800 JavaThread "Handler for socket connection from /127.0.0.1:62319 to /127.0.0.1:62321" [_thread_in_native, id=13824, stack(0x000000000d090000,0x000000000d190000)]
  0x000000000b1fd000 JavaThread "Daemon" [_thread_blocked, id=11076, stack(0x000000000cdb0000,0x000000000ceb0000)]
  0x000000000be70800 JavaThread "Incoming local TCP Connector on port 62319" [_thread_in_native, id=13836, stack(0x000000000cbc0000,0x000000000ccc0000)]
  0x0000000008cbf000 JavaThread "Service Thread" daemon [_thread_blocked, id=15228, stack(0x000000000a8a0000,0x000000000a9a0000)]
  0x0000000008cbd000 JavaThread "C2 CompilerThread1" daemon [_thread_blocked, id=10628, stack(0x000000000a6f0000,0x000000000a7f0000)]
  0x0000000008cbb800 JavaThread "C2 CompilerThread0" daemon [_thread_blocked, id=9344, stack(0x000000000a430000,0x000000000a530000)]
  0x0000000008cb4800 JavaThread "Attach Listener" daemon [_thread_blocked, id=2616, stack(0x000000000a260000,0x000000000a360000)]
  0x0000000008caf800 JavaThread "Signal Dispatcher" daemon [_thread_blocked, id=1872, stack(0x000000000a070000,0x000000000a170000)]
  0x0000000008c55800 JavaThread "Finalizer" daemon [_thread_blocked, id=13852, stack(0x0000000009ed0000,0x0000000009fd0000)]
  0x0000000008c4e800 JavaThread "Reference Handler" daemon [_thread_blocked, id=5928, stack(0x0000000009dc0000,0x0000000009ec0000)]
  0x00000000023ae000 JavaThread "main" [_thread_blocked, id=836, stack(0x0000000002680000,0x0000000002780000)]

Other Threads:
=>0x0000000008c4b000 VMThread [stack: 0x0000000009cc0000,0x0000000009dc0000] [id=9220]
  0x0000000008cc8800 WatcherThread [stack: 0x000000000a9c0000,0x000000000aac0000] [id=7220]

VM state:at safepoint (normal execution)

VM Mutex/Monitor currently owned by a thread:  ([mutex/lock_event])
[0x00000000023abc80] ExpandHeap_lock - owner thread: 0x0000000008c4b000
[0x00000000023ac300] Threads_lock - owner thread: 0x0000000008c4b000
[0x00000000023ac800] Heap_lock - owner thread: 0x000000000b6bf800

Heap
 PSYoungGen      total 279040K, used 9525K [0x00000000eaa80000, 0x0000000100000000, 0x0000000100000000)
  eden space 256000K, 0% used [0x00000000eaa80000,0x00000000eaa80000,0x00000000fa480000)
  from space 23040K, 41% used [0x00000000fa480000,0x00000000fadcd758,0x00000000fbb00000)
  to   space 31744K, 0% used [0x00000000fe100000,0x00000000fe100000,0x0000000100000000)
 ParOldGen       total 79872K, used 43136K [0x00000000c0000000, 0x00000000c4e00000, 0x00000000eaa80000)
  object space 79872K, 54% used [0x00000000c0000000,0x00000000c2a20338,0x00000000c4e00000)
 PSPermGen       total 45568K, used 45223K [0x00000000b0000000, 0x00000000b5880000, 0x00000000c0000000)
  object space 45568K, 99% used [0x00000000b0000000,0x00000000b2c29db0,0x00000000b2c80000)

Card table byte_map: [0x0000000005780000,0x0000000005a10000] byte_map_base: 0x0000000005200000

Polling page: 0x0000000000130000

Code Cache  [0x0000000002780000, 0x0000000002bd0000, 0x0000000005780000)
 total_blobs=1742 nmethods=1097 adapters=596 free_code_cache=44835Kb largest_free_block=45848192

Compilation events (10 events):
Event: 114.801 Thread 0x0000000008cbb800 nmethod 1184 0x0000000002bbcc10 code [0x0000000002bbcd60, 0x0000000002bbd078]
Event: 114.801 Thread 0x0000000008cbb800 1185             com.google.common.collect.AbstractMapBasedMultimap$WrappedCollection$WrappedIterator::validateIterator (30 bytes)
Event: 114.805 Thread 0x0000000008cbb800 nmethod 1185 0x0000000002bbc650 code [0x0000000002bbc7c0, 0x0000000002bbc9a8]
Event: 114.853 Thread 0x0000000008cbb800 1186             com.android.ide.common.res2.FileResourceNameValidator::getErrorTextForNameWithoutExtension (117 bytes)
Event: 114.864 Thread 0x0000000008cbb800 nmethod 1186 0x0000000002bbbb90 code [0x0000000002bbbd20, 0x0000000002bbc190]
Event: 114.864 Thread 0x0000000008cbb800 1187             com.android.ide.common.res2.DataSet::isIgnored (315 bytes)
Event: 114.927 Thread 0x0000000008cbb800 nmethod 1187 0x0000000002bc33d0 code [0x0000000002bc3600, 0x0000000002bc4d10]
Event: 114.928 Thread 0x0000000008cbb800 1188             com.google.common.base.AbstractIterator::next (34 bytes)
Event: 114.929 Thread 0x0000000008cbb800 nmethod 1188 0x0000000002bbe890 code [0x0000000002bbe9e0, 0x0000000002bbea88]
Event: 114.974 Thread 0x0000000008cbb800 1189             java.lang.String::regionMatches (149 bytes)

GC Heap History (10 events):
Event: 14.136 GC heap after
Heap after GC invocations=5 (full 0):
 PSYoungGen      total 68096K, used 2544K [0x00000000eaa80000, 0x00000000f4280000, 0x0000000100000000)
  eden space 65536K, 0% used [0x00000000eaa80000,0x00000000eaa80000,0x00000000eea80000)
  from space 2560K, 99% used [0x00000000eea80000,0x00000000eecfc010,0x00000000eed00000)
  to   space 12288K, 0% used [0x00000000f3680000,0x00000000f3680000,0x00000000f4280000)
 ParOldGen       total 42496K, used 16681K [0x00000000c0000000, 0x00000000c2980000, 0x00000000eaa80000)
  object space 42496K, 39% used [0x00000000c0000000,0x00000000c104a5f8,0x00000000c2980000)
 PSPermGen       total 23040K, used 23033K [0x00000000b0000000, 0x00000000b1680000, 0x00000000c0000000)
  object space 23040K, 99% used [0x00000000b0000000,0x00000000b167e6f0,0x00000000b1680000)
}
Event: 18.252 GC heap before
{Heap before GC invocations=6 (full 0):
 PSYoungGen      total 68096K, used 68080K [0x00000000eaa80000, 0x00000000f4280000, 0x0000000100000000)
  eden space 65536K, 100% used [0x00000000eaa80000,0x00000000eea80000,0x00000000eea80000)
  from space 2560K, 99% used [0x00000000eea80000,0x00000000eecfc010,0x00000000eed00000)
  to   space 12288K, 0% used [0x00000000f3680000,0x00000000f3680000,0x00000000f4280000)
 ParOldGen       total 42496K, used 16681K [0x00000000c0000000, 0x00000000c2980000, 0x00000000eaa80000)
  object space 42496K, 39% used [0x00000000c0000000,0x00000000c104a5f8,0x00000000c2980000)
 PSPermGen       total 26112K, used 26000K [0x00000000b0000000, 0x00000000b1980000, 0x00000000c0000000)
  object space 26112K, 99% used [0x00000000b0000000,0x00000000b1964250,0x00000000b1980000)
Event: 18.266 GC heap after
Heap after GC invocations=6 (full 0):
 PSYoungGen      total 141312K, used 5761K [0x00000000eaa80000, 0x00000000f4080000, 0x0000000100000000)
  eden space 131072K, 0% used [0x00000000eaa80000,0x00000000eaa80000,0x00000000f2a80000)
  from space 10240K, 56% used [0x00000000f3680000,0x00000000f3c20458,0x00000000f4080000)
  to   space 11264K, 0% used [0x00000000f2a80000,0x00000000f2a80000,0x00000000f3580000)
 ParOldGen       total 42496K, used 16753K [0x00000000c0000000, 0x00000000c2980000, 0x00000000eaa80000)
  object space 42496K, 39% used [0x00000000c0000000,0x00000000c105c608,0x00000000c2980000)
 PSPermGen       total 26112K, used 26000K [0x00000000b0000000, 0x00000000b1980000, 0x00000000c0000000)
  object space 26112K, 99% used [0x00000000b0000000,0x00000000b1964250,0x00000000b1980000)
}
Event: 23.618 GC heap before
{Heap before GC invocations=7 (full 0):
 PSYoungGen      total 141312K, used 136833K [0x00000000eaa80000, 0x00000000f4080000, 0x0000000100000000)
  eden space 131072K, 100% used [0x00000000eaa80000,0x00000000f2a80000,0x00000000f2a80000)
  from space 10240K, 56% used [0x00000000f3680000,0x00000000f3c20458,0x00000000f4080000)
  to   space 11264K, 0% used [0x00000000f2a80000,0x00000000f2a80000,0x00000000f3580000)
 ParOldGen       total 42496K, used 16753K [0x00000000c0000000, 0x00000000c2980000, 0x00000000eaa80000)
  object space 42496K, 39% used [0x00000000c0000000,0x00000000c105c608,0x00000000c2980000)
 PSPermGen       total 37376K, used 36913K [0x00000000b0000000, 0x00000000b2480000, 0x00000000c0000000)
  object space 37376K, 98% used [0x00000000b0000000,0x00000000b240c588,0x00000000b2480000)
Event: 23.694 GC heap after
Heap after GC invocations=7 (full 0):
 PSYoungGen      total 142336K, used 11251K [0x00000000eaa80000, 0x00000000fcb80000, 0x0000000100000000)
  eden space 131072K, 0% used [0x00000000eaa80000,0x00000000eaa80000,0x00000000f2a80000)
  from space 11264K, 99% used [0x00000000f2a80000,0x00000000f357cd88,0x00000000f3580000)
  to   space 16896K, 0% used [0x00000000fbb00000,0x00000000fbb00000,0x00000000fcb80000)
 ParOldGen       total 42496K, used 23950K [0x00000000c0000000, 0x00000000c2980000, 0x00000000eaa80000)
  object space 42496K, 56% used [0x00000000c0000000,0x00000000c1763ae0,0x00000000c2980000)
 PSPermGen       total 37376K, used 36913K [0x00000000b0000000, 0x00000000b2480000, 0x00000000c0000000)
  object space 37376K, 98% used [0x00000000b0000000,0x00000000b240c588,0x00000000b2480000)
}
Event: 29.930 GC heap before
{Heap before GC invocations=8 (full 0):
 PSYoungGen      total 142336K, used 142323K [0x00000000eaa80000, 0x00000000fcb80000, 0x0000000100000000)
  eden space 131072K, 100% used [0x00000000eaa80000,0x00000000f2a80000,0x00000000f2a80000)
  from space 11264K, 99% used [0x00000000f2a80000,0x00000000f357cd88,0x00000000f3580000)
  to   space 16896K, 0% used [0x00000000fbb00000,0x00000000fbb00000,0x00000000fcb80000)
 ParOldGen       total 42496K, used 23950K [0x00000000c0000000, 0x00000000c2980000, 0x00000000eaa80000)
  object space 42496K, 56% used [0x00000000c0000000,0x00000000c1763ae0,0x00000000c2980000)
 PSPermGen       total 40960K, used 40656K [0x00000000b0000000, 0x00000000b2800000, 0x00000000c0000000)
  object space 40960K, 99% used [0x00000000b0000000,0x00000000b27b4118,0x00000000b2800000)
Event: 31.352 GC heap after
Heap after GC invocations=8 (full 0):
 PSYoungGen      total 272896K, used 16878K [0x00000000eaa80000, 0x00000000fd780000, 0x0000000100000000)
  eden space 256000K, 0% used [0x00000000eaa80000,0x00000000eaa80000,0x00000000fa480000)
  from space 16896K, 99% used [0x00000000fbb00000,0x00000000fcb7b9e0,0x00000000fcb80000)
  to   space 23040K, 0% used [0x00000000fa480000,0x00000000fa480000,0x00000000fbb00000)
 ParOldGen       total 42496K, used 31088K [0x00000000c0000000, 0x00000000c2980000, 0x00000000eaa80000)
  object space 42496K, 73% used [0x00000000c0000000,0x00000000c1e5c1c8,0x00000000c2980000)
 PSPermGen       total 40960K, used 40656K [0x00000000b0000000, 0x00000000b2800000, 0x00000000c0000000)
  object space 40960K, 99% used [0x00000000b0000000,0x00000000b27b4118,0x00000000b2800000)
}
Event: 115.004 GC heap before
{Heap before GC invocations=9 (full 0):
 PSYoungGen      total 272896K, used 272878K [0x00000000eaa80000, 0x00000000fd780000, 0x0000000100000000)
  eden space 256000K, 100% used [0x00000000eaa80000,0x00000000fa480000,0x00000000fa480000)
  from space 16896K, 99% used [0x00000000fbb00000,0x00000000fcb7b9e0,0x00000000fcb80000)
  to   space 23040K, 0% used [0x00000000fa480000,0x00000000fa480000,0x00000000fbb00000)
 ParOldGen       total 42496K, used 31088K [0x00000000c0000000, 0x00000000c2980000, 0x00000000eaa80000)
  object space 42496K, 73% used [0x00000000c0000000,0x00000000c1e5c1c8,0x00000000c2980000)
 PSPermGen       total 45568K, used 45249K [0x00000000b0000000, 0x00000000b2c80000, 0x00000000c0000000)
  object space 45568K, 99% used [0x00000000b0000000,0x00000000b2c304a0,0x00000000b2c80000)
Event: 118.269 GC heap after
Heap after GC invocations=9 (full 0):
 PSYoungGen      total 279040K, used 23034K [0x00000000eaa80000, 0x0000000100000000, 0x0000000100000000)
  eden space 256000K, 0% used [0x00000000eaa80000,0x00000000eaa80000,0x00000000fa480000)
  from space 23040K, 99% used [0x00000000fa480000,0x00000000fbafe9f0,0x00000000fbb00000)
  to   space 31744K, 0% used [0x00000000fe100000,0x00000000fe100000,0x0000000100000000)
 ParOldGen       total 43520K, used 43513K [0x00000000c0000000, 0x00000000c2a80000, 0x00000000eaa80000)
  object space 43520K, 99% used [0x00000000c0000000,0x00000000c2a7e4e8,0x00000000c2a80000)
 PSPermGen       total 45568K, used 45249K [0x00000000b0000000, 0x00000000b2c80000, 0x00000000c0000000)
  object space 45568K, 99% used [0x00000000b0000000,0x00000000b2c304a0,0x00000000b2c80000)
}
Event: 118.269 GC heap before
{Heap before GC invocations=10 (full 1):
 PSYoungGen      total 279040K, used 23034K [0x00000000eaa80000, 0x0000000100000000, 0x0000000100000000)
  eden space 256000K, 0% used [0x00000000eaa80000,0x00000000eaa80000,0x00000000fa480000)
  from space 23040K, 99% used [0x00000000fa480000,0x00000000fbafe9f0,0x00000000fbb00000)
  to   space 31744K, 0% used [0x00000000fe100000,0x00000000fe100000,0x0000000100000000)
 ParOldGen       total 43520K, used 43513K [0x00000000c0000000, 0x00000000c2a80000, 0x00000000eaa80000)
  object space 43520K, 99% used [0x00000000c0000000,0x00000000c2a7e4e8,0x00000000c2a80000)
 PSPermGen       total 45568K, used 45249K [0x00000000b0000000, 0x00000000b2c80000, 0x00000000c0000000)
  object space 45568K, 99% used [0x00000000b0000000,0x00000000b2c304a0,0x00000000b2c80000)

Deoptimization events (10 events):
Event: 106.519 Thread 0x000000000b6bf800 Uncommon trap: reason=bimorphic action=maybe_recompile pc=0x0000000002ab7160 method=java.util.regex.Pattern$5.isSatisfiedBy(I)Z @ 5
Event: 109.151 Thread 0x000000000b6bf800 Uncommon trap: reason=bimorphic action=maybe_recompile pc=0x0000000002ab9dbc method=com.sun.org.apache.xerces.internal.impl.XMLDocumentFragmentScannerImpl.scanDocument(Z)Z @ 147
Event: 109.237 Thread 0x000000000b6bf800 Uncommon trap: reason=bimorphic action=maybe_recompile pc=0x0000000002ab9dbc method=com.sun.org.apache.xerces.internal.impl.XMLDocumentFragmentScannerImpl.scanDocument(Z)Z @ 147
Event: 109.272 Thread 0x000000000b6bf800 Uncommon trap: reason=bimorphic action=maybe_recompile pc=0x0000000002ab9dbc method=com.sun.org.apache.xerces.internal.impl.XMLDocumentFragmentScannerImpl.scanDocument(Z)Z @ 147
Event: 109.591 Thread 0x000000000b6bf800 Uncommon trap: reason=null_check action=make_not_entrant pc=0x0000000002b3f698 method=com.sun.org.apache.xerces.internal.utils.SecuritySupport.getSystemProperty(Ljava/lang/String;)Ljava/lang/String; @ 11
Event: 111.013 Thread 0x000000000b6bf800 Uncommon trap: reason=bimorphic action=maybe_recompile pc=0x0000000002ab9dbc method=com.sun.org.apache.xerces.internal.impl.XMLDocumentFragmentScannerImpl.scanDocument(Z)Z @ 147
Event: 112.510 Thread 0x000000000b6bf800 Uncommon trap: reason=bimorphic action=maybe_recompile pc=0x0000000002b93eb8 method=com.sun.org.apache.xerces.internal.dom.ParentNode.internalInsertBefore(Lorg/w3c/dom/Node;Lorg/w3c/dom/Node;Z)Lorg/w3c/dom/Node; @ 10
Event: 112.598 Thread 0x000000000b6bf800 Uncommon trap: reason=bimorphic action=maybe_recompile pc=0x0000000002b93eb8 method=com.sun.org.apache.xerces.internal.dom.ParentNode.internalInsertBefore(Lorg/w3c/dom/Node;Lorg/w3c/dom/Node;Z)Lorg/w3c/dom/Node; @ 10
Event: 112.672 Thread 0x000000000b6bf800 Uncommon trap: reason=bimorphic action=maybe_recompile pc=0x0000000002b93eb8 method=com.sun.org.apache.xerces.internal.dom.ParentNode.internalInsertBefore(Lorg/w3c/dom/Node;Lorg/w3c/dom/Node;Z)Lorg/w3c/dom/Node; @ 10
Event: 112.677 Thread 0x000000000b6bf800 Uncommon trap: reason=bimorphic action=maybe_recompile pc=0x0000000002b93eb8 method=com.sun.org.apache.xerces.internal.dom.ParentNode.internalInsertBefore(Lorg/w3c/dom/Node;Lorg/w3c/dom/Node;Z)Lorg/w3c/dom/Node; @ 10

Internal exceptions (10 events):
Event: 110.783 Thread 0x000000000b6bf800 Threw 0x00000000f71f67d8 at C:\re\jdk7u79\2331\hotspot\src\share\vm\prims\jvm.cpp:1304
Event: 110.784 Thread 0x000000000b6bf800 Threw 0x00000000f71fe6d8 at C:\re\jdk7u79\2331\hotspot\src\share\vm\prims\jvm.cpp:1304
Event: 110.786 Thread 0x000000000b6bf800 Threw 0x00000000f7206638 at C:\re\jdk7u79\2331\hotspot\src\share\vm\prims\jvm.cpp:1304
Event: 110.787 Thread 0x000000000b6bf800 Threw 0x00000000f720fd68 at C:\re\jdk7u79\2331\hotspot\src\share\vm\prims\jvm.cpp:1304
Event: 110.789 Thread 0x000000000b6bf800 Threw 0x00000000f7217b98 at C:\re\jdk7u79\2331\hotspot\src\share\vm\prims\jvm.cpp:1304
Event: 113.583 Thread 0x000000000b6bf800 Threw 0x00000000f940a980 at C:\re\jdk7u79\2331\hotspot\src\share\vm\prims\jvm.cpp:1304
Event: 113.584 Thread 0x000000000b6bf800 Threw 0x00000000f9412b00 at C:\re\jdk7u79\2331\hotspot\src\share\vm\prims\jvm.cpp:1304
Event: 113.585 Thread 0x000000000b6bf800 Threw 0x00000000f941b0b0 at C:\re\jdk7u79\2331\hotspot\src\share\vm\prims\jvm.cpp:1304
Event: 113.586 Thread 0x000000000b6bf800 Threw 0x00000000f9423010 at C:\re\jdk7u79\2331\hotspot\src\share\vm\prims\jvm.cpp:1304
Event: 113.587 Thread 0x000000000b6bf800 Threw 0x00000000f942b530 at C:\re\jdk7u79\2331\hotspot\src\share\vm\prims\jvm.cpp:1304

Events (10 events):
Event: 113.583 loading class 0x000000000adf6580 done
Event: 113.584 loading class 0x000000000adf6680
Event: 113.584 loading class 0x000000000adf6680 done
Event: 113.585 loading class 0x000000000adf6780
Event: 113.585 loading class 0x000000000adf6780 done
Event: 113.586 loading class 0x000000000adf6880
Event: 113.586 loading class 0x000000000adf6880 done
Event: 113.587 loading class 0x000000000adf69c0
Event: 113.587 loading class 0x000000000adf69c0 done
Event: 114.982 Executing VM operation: ParallelGCFailedAllocation


Dynamic libraries:
0x000000013f760000 - 0x000000013f793000 	C:\Program Files\Java\jdk1.7.0_79\bin\java.exe
0x0000000076fd0000 - 0x000000007717a000 	C:\Windows\SYSTEM32\ntdll.dll
0x0000000076eb0000 - 0x0000000076fcf000 	C:\Windows\system32\kernel32.dll
0x000007fefd080000 - 0x000007fefd0ea000 	C:\Windows\system32\KERNELBASE.dll
0x000007fefd650000 - 0x000007fefd72b000 	C:\Windows\system32\ADVAPI32.dll
0x000007fefdb50000 - 0x000007fefdbef000 	C:\Windows\system32\msvcrt.dll
0x000007fefef60000 - 0x000007fefef7f000 	C:\Windows\SYSTEM32\sechost.dll
0x000007fefef80000 - 0x000007feff0ad000 	C:\Windows\system32\RPCRT4.dll
0x0000000076db0000 - 0x0000000076eaa000 	C:\Windows\system32\USER32.dll
0x000007fefebb0000 - 0x000007fefec17000 	C:\Windows\system32\GDI32.dll
0x000007fefd730000 - 0x000007fefd73e000 	C:\Windows\system32\LPK.dll
0x000007fefea60000 - 0x000007fefeb2a000 	C:\Windows\system32\USP10.dll
0x000007fef9c50000 - 0x000007fef9e44000 	C:\Windows\WinSxS\amd64_microsoft.windows.common-controls_6595b64144ccf1df_6.0.7601.18837_none_fa3b1e3d17594757\COMCTL32.dll
0x000007fefe9e0000 - 0x000007fefea51000 	C:\Windows\system32\SHLWAPI.dll
0x000007feff0c0000 - 0x000007feff0ee000 	C:\Windows\system32\IMM32.DLL
0x000007feff1d0000 - 0x000007feff2d9000 	C:\Windows\system32\MSCTF.dll
0x00000000639d0000 - 0x0000000063aa2000 	C:\Program Files\Java\jdk1.7.0_79\jre\bin\msvcr100.dll
0x0000000051b70000 - 0x0000000052345000 	C:\Program Files\Java\jdk1.7.0_79\jre\bin\server\jvm.dll
0x000007fef5390000 - 0x000007fef5399000 	C:\Windows\system32\WSOCK32.dll
0x000007fefeef0000 - 0x000007fefef3d000 	C:\Windows\system32\WS2_32.dll
0x000007feff0b0000 - 0x000007feff0b8000 	C:\Windows\system32\NSI.dll
0x000007fefa7a0000 - 0x000007fefa7db000 	C:\Windows\system32\WINMM.dll
0x0000000077190000 - 0x0000000077197000 	C:\Windows\system32\PSAPI.DLL
0x0000000073520000 - 0x000000007352f000 	C:\Program Files\Java\jdk1.7.0_79\jre\bin\verify.dll
0x00000000734f0000 - 0x0000000073518000 	C:\Program Files\Java\jdk1.7.0_79\jre\bin\java.dll
0x00000000734d0000 - 0x00000000734e5000 	C:\Program Files\Java\jdk1.7.0_79\jre\bin\zip.dll
0x00000000734b0000 - 0x00000000734ca000 	C:\Program Files\Java\jdk1.7.0_79\jre\bin\net.dll
0x000007fefc530000 - 0x000007fefc585000 	C:\Windows\system32\mswsock.dll
0x000007fefc520000 - 0x000007fefc527000 	C:\Windows\System32\wship6.dll
0x0000000073490000 - 0x00000000734a1000 	C:\Program Files\Java\jdk1.7.0_79\jre\bin\nio.dll
0x000007fefb360000 - 0x000007fefb372000 	C:\Users\vijay\.gradle\native\19\windows-amd64\native-platform.dll
0x000007fef9500000 - 0x000007fef9527000 	C:\Windows\system32\IPHLPAPI.DLL
0x000007fef94f0000 - 0x000007fef94fb000 	C:\Windows\system32\WINNSI.DLL
0x000007fef9300000 - 0x000007fef9318000 	C:\Windows\system32\dhcpcsvc.DLL
0x000007fef92e0000 - 0x000007fef92f1000 	C:\Windows\system32\dhcpcsvc6.DLL
0x000007fefc590000 - 0x000007fefc5a8000 	C:\Windows\system32\CRYPTSP.dll
0x000007fefc290000 - 0x000007fefc2d7000 	C:\Windows\system32\rsaenh.dll
0x000007fefcf70000 - 0x000007fefcf8e000 	C:\Windows\system32\USERENV.dll
0x000007fefcd50000 - 0x000007fefcd5f000 	C:\Windows\system32\profapi.dll
0x000007fefcbf0000 - 0x000007fefcbff000 	C:\Windows\system32\CRYPTBASE.dll
0x000007fefcb90000 - 0x000007fefcbe7000 	C:\Windows\system32\apphelp.dll
0x0000000073530000 - 0x000000007353b000 	C:\Program Files\Java\jdk1.7.0_79\jre\bin\management.dll

VM Arguments:
jvm_args: -XX:MaxPermSize=256m -XX:+HeapDumpOnOutOfMemoryError -Xmx1024m -Dfile.encoding=windows-1252 -Duser.country=US -Duser.language=en -Duser.variant 
java_command: org.gradle.launcher.daemon.bootstrap.GradleDaemon 2.10
Launcher Type: SUN_STANDARD

Environment Variables:
PATH=C:\Users\vijay\algs4\java\bin;C:\ProgramData\Oracle\Java\javapath;c:\Program Files (x86)\Intel\iCLS Client\;c:\Program Files\Intel\iCLS Client\;C:\Windows\system32;C:\Windows;C:\Windows\System32\Wbem;C:\Windows\System32\WindowsPowerShell\v1.0\;C:\Program Files\Intel\WiFi\bin\;C:\Program Files\Common Files\Intel\WirelessCommon\;C:\Program Files\Intel\Intel(R) Management Engine Components\DAL;C:\Program Files\Intel\Intel(R) Management Engine Components\IPT;C:\Program Files (x86)\Intel\Intel(R) Management Engine Components\DAL;C:\Program Files (x86)\Intel\Intel(R) Management Engine Components\IPT;C:\Program Files (x86)\Intel\OpenCL SDK\3.0\bin\x86;C:\Program Files (x86)\Intel\OpenCL SDK\3.0\bin\x64;C:\Program Files\Git\cmd;C:\Users\vijay\algs4\bin;C:\Users\vijay\algs4\java\bin;
USERNAME=vijay
OS=Windows_NT
PROCESSOR_IDENTIFIER=Intel64 Family 6 Model 69 Stepping 1, GenuineIntel



---------------  S Y S T E M  ---------------

OS: Windows 7 , 64 bit Build 7601 Service Pack 1

CPU:total 4 (2 cores per cpu, 2 threads per core) family 6 model 69 stepping 1, cmov, cx8, fxsr, mmx, sse, sse2, sse3, ssse3, sse4.1, sse4.2, popcnt, avx, avx2, aes, erms, ht, tsc, tscinvbit

Memory: 4k page, physical 4088944k(7652k free), swap 16183044k(20200k free)

vm_info: Java HotSpot(TM) 64-Bit Server VM (24.79-b02) for windows-amd64 JRE (1.7.0_79-b15), built on Apr 10 2015 12:36:16 by "java_re" with unknown MS VC++:1600

time: Tue Jun 07 22:22:59 2016
elapsed time: 122 seconds

